The system is: Linux - 2.6.32-279.el6.x86_64 - x86_64
Compiling the C compiler identification source file "CMakeCCompilerId.c" succeeded.
Compiler: /usr/local/gcc/bin/gcc 
Build flags: 
Id flags: 

The output was:
0


Compilation of the C compiler identification source "CMakeCCompilerId.c" produced "a.out"

The C compiler identification is GNU, found in "/groups/flyem/proj/cluster/toufiq/goo/SemiSupervised/CMakeFiles/CompilerIdC/a.out"

Compiling the CXX compiler identification source file "CMakeCXXCompilerId.cpp" succeeded.
Compiler: /usr/local/gcc/bin/c++ 
Build flags: 
Id flags: 

The output was:
0


Compilation of the CXX compiler identification source "CMakeCXXCompilerId.cpp" produced "a.out"

The CXX compiler identification is GNU, found in "/groups/flyem/proj/cluster/toufiq/goo/SemiSupervised/CMakeFiles/CompilerIdCXX/a.out"

Determining if the C compiler works passed with the following output:
Change Dir: /groups/flyem/proj/cluster/toufiq/goo/SemiSupervised/CMakeFiles/CMakeTmp

Run Build Command:/usr/bin/gmake "cmTryCompileExec2689462328/fast"
/usr/bin/gmake -f CMakeFiles/cmTryCompileExec2689462328.dir/build.make CMakeFiles/cmTryCompileExec2689462328.dir/build
gmake[1]: Entering directory `/groups/flyem/proj/cluster/toufiq/goo/SemiSupervised/CMakeFiles/CMakeTmp'
/misc/local/cmake-2.8.8/bin/cmake -E cmake_progress_report /groups/flyem/proj/cluster/toufiq/goo/SemiSupervised/CMakeFiles/CMakeTmp/CMakeFiles 1
Building C object CMakeFiles/cmTryCompileExec2689462328.dir/testCCompiler.c.o
/usr/local/gcc/bin/gcc    -o CMakeFiles/cmTryCompileExec2689462328.dir/testCCompiler.c.o   -c /groups/flyem/proj/cluster/toufiq/goo/SemiSupervised/CMakeFiles/CMakeTmp/testCCompiler.c
Linking C executable cmTryCompileExec2689462328
/misc/local/cmake-2.8.8/bin/cmake -E cmake_link_script CMakeFiles/cmTryCompileExec2689462328.dir/link.txt --verbose=1
/usr/local/gcc/bin/gcc         CMakeFiles/cmTryCompileExec2689462328.dir/testCCompiler.c.o  -o cmTryCompileExec2689462328 -rdynamic 
gmake[1]: Leaving directory `/groups/flyem/proj/cluster/toufiq/goo/SemiSupervised/CMakeFiles/CMakeTmp'


Detecting C compiler ABI info compiled with the following output:
Change Dir: /groups/flyem/proj/cluster/toufiq/goo/SemiSupervised/CMakeFiles/CMakeTmp

Run Build Command:/usr/bin/gmake "cmTryCompileExec1827680395/fast"
/usr/bin/gmake -f CMakeFiles/cmTryCompileExec1827680395.dir/build.make CMakeFiles/cmTryCompileExec1827680395.dir/build
gmake[1]: Entering directory `/groups/flyem/proj/cluster/toufiq/goo/SemiSupervised/CMakeFiles/CMakeTmp'
/misc/local/cmake-2.8.8/bin/cmake -E cmake_progress_report /groups/flyem/proj/cluster/toufiq/goo/SemiSupervised/CMakeFiles/CMakeTmp/CMakeFiles 1
Building C object CMakeFiles/cmTryCompileExec1827680395.dir/CMakeCCompilerABI.c.o
/usr/local/gcc/bin/gcc    -o CMakeFiles/cmTryCompileExec1827680395.dir/CMakeCCompilerABI.c.o   -c /misc/local/cmake-2.8.8/share/cmake-2.8/Modules/CMakeCCompilerABI.c
Linking C executable cmTryCompileExec1827680395
/misc/local/cmake-2.8.8/bin/cmake -E cmake_link_script CMakeFiles/cmTryCompileExec1827680395.dir/link.txt --verbose=1
/usr/local/gcc/bin/gcc       -v CMakeFiles/cmTryCompileExec1827680395.dir/CMakeCCompilerABI.c.o  -o cmTryCompileExec1827680395 -rdynamic  
Using built-in specs.
COLLECT_GCC=/usr/local/gcc/bin/gcc
COLLECT_LTO_WRAPPER=/misc/local/gcc-4.8.1/bin/../libexec/gcc/x86_64-unknown-linux-gnu/4.8.1/lto-wrapper
Target: x86_64-unknown-linux-gnu
Configured with: ./configure --prefix=/usr/local/gcc-4.8.1
Thread model: posix
gcc version 4.8.1 (GCC) 
COMPILER_PATH=/misc/local/gcc-4.8.1/bin/../libexec/gcc/x86_64-unknown-linux-gnu/4.8.1/:/misc/local/gcc-4.8.1/bin/../libexec/gcc/
LIBRARY_PATH=/misc/local/gcc-4.8.1/bin/../lib/gcc/x86_64-unknown-linux-gnu/4.8.1/:/misc/local/gcc-4.8.1/bin/../lib/gcc/:/misc/local/gcc-4.8.1/bin/../lib/gcc/x86_64-unknown-linux-gnu/4.8.1/../../../../lib64/:/lib/../lib64/:/usr/lib/../lib64/:/misc/local/gcc-4.8.1/bin/../lib/gcc/x86_64-unknown-linux-gnu/4.8.1/../../../:/lib/:/usr/lib/
COLLECT_GCC_OPTIONS='-v' '-o' 'cmTryCompileExec1827680395' '-rdynamic' '-mtune=generic' '-march=x86-64'
 /misc/local/gcc-4.8.1/bin/../libexec/gcc/x86_64-unknown-linux-gnu/4.8.1/collect2 --eh-frame-hdr -m elf_x86_64 -export-dynamic -dynamic-linker /lib64/ld-linux-x86-64.so.2 -o cmTryCompileExec1827680395 /usr/lib/../lib64/crt1.o /usr/lib/../lib64/crti.o /misc/local/gcc-4.8.1/bin/../lib/gcc/x86_64-unknown-linux-gnu/4.8.1/crtbegin.o -L/misc/local/gcc-4.8.1/bin/../lib/gcc/x86_64-unknown-linux-gnu/4.8.1 -L/misc/local/gcc-4.8.1/bin/../lib/gcc -L/misc/local/gcc-4.8.1/bin/../lib/gcc/x86_64-unknown-linux-gnu/4.8.1/../../../../lib64 -L/lib/../lib64 -L/usr/lib/../lib64 -L/misc/local/gcc-4.8.1/bin/../lib/gcc/x86_64-unknown-linux-gnu/4.8.1/../../.. CMakeFiles/cmTryCompileExec1827680395.dir/CMakeCCompilerABI.c.o -lgcc --as-needed -lgcc_s --no-as-needed -lc -lgcc --as-needed -lgcc_s --no-as-needed /misc/local/gcc-4.8.1/bin/../lib/gcc/x86_64-unknown-linux-gnu/4.8.1/crtend.o /usr/lib/../lib64/crtn.o
gmake[1]: Leaving directory `/groups/flyem/proj/cluster/toufiq/goo/SemiSupervised/CMakeFiles/CMakeTmp'


Parsed C implicit link information from above output:
  link line regex: [^( *|.*[/\])(ld|ld|collect2)[^/\]*( |$)]
  ignore line: [Change Dir: /groups/flyem/proj/cluster/toufiq/goo/SemiSupervised/CMakeFiles/CMakeTmp]
  ignore line: []
  ignore line: [Run Build Command:/usr/bin/gmake "cmTryCompileExec1827680395/fast"]
  ignore line: [/usr/bin/gmake -f CMakeFiles/cmTryCompileExec1827680395.dir/build.make CMakeFiles/cmTryCompileExec1827680395.dir/build]
  ignore line: [gmake[1]: Entering directory `/groups/flyem/proj/cluster/toufiq/goo/SemiSupervised/CMakeFiles/CMakeTmp']
  ignore line: [/misc/local/cmake-2.8.8/bin/cmake -E cmake_progress_report /groups/flyem/proj/cluster/toufiq/goo/SemiSupervised/CMakeFiles/CMakeTmp/CMakeFiles 1]
  ignore line: [Building C object CMakeFiles/cmTryCompileExec1827680395.dir/CMakeCCompilerABI.c.o]
  ignore line: [/usr/local/gcc/bin/gcc    -o CMakeFiles/cmTryCompileExec1827680395.dir/CMakeCCompilerABI.c.o   -c /misc/local/cmake-2.8.8/share/cmake-2.8/Modules/CMakeCCompilerABI.c]
  ignore line: [Linking C executable cmTryCompileExec1827680395]
  ignore line: [/misc/local/cmake-2.8.8/bin/cmake -E cmake_link_script CMakeFiles/cmTryCompileExec1827680395.dir/link.txt --verbose=1]
  ignore line: [/usr/local/gcc/bin/gcc       -v CMakeFiles/cmTryCompileExec1827680395.dir/CMakeCCompilerABI.c.o  -o cmTryCompileExec1827680395 -rdynamic  ]
  ignore line: [Using built-in specs.]
  ignore line: [COLLECT_GCC=/usr/local/gcc/bin/gcc]
  ignore line: [COLLECT_LTO_WRAPPER=/misc/local/gcc-4.8.1/bin/../libexec/gcc/x86_64-unknown-linux-gnu/4.8.1/lto-wrapper]
  ignore line: [Target: x86_64-unknown-linux-gnu]
  ignore line: [Configured with: ./configure --prefix=/usr/local/gcc-4.8.1]
  ignore line: [Thread model: posix]
  ignore line: [gcc version 4.8.1 (GCC) ]
  ignore line: [COMPILER_PATH=/misc/local/gcc-4.8.1/bin/../libexec/gcc/x86_64-unknown-linux-gnu/4.8.1/:/misc/local/gcc-4.8.1/bin/../libexec/gcc/]
  ignore line: [LIBRARY_PATH=/misc/local/gcc-4.8.1/bin/../lib/gcc/x86_64-unknown-linux-gnu/4.8.1/:/misc/local/gcc-4.8.1/bin/../lib/gcc/:/misc/local/gcc-4.8.1/bin/../lib/gcc/x86_64-unknown-linux-gnu/4.8.1/../../../../lib64/:/lib/../lib64/:/usr/lib/../lib64/:/misc/local/gcc-4.8.1/bin/../lib/gcc/x86_64-unknown-linux-gnu/4.8.1/../../../:/lib/:/usr/lib/]
  ignore line: [COLLECT_GCC_OPTIONS='-v' '-o' 'cmTryCompileExec1827680395' '-rdynamic' '-mtune=generic' '-march=x86-64']
  link line: [ /misc/local/gcc-4.8.1/bin/../libexec/gcc/x86_64-unknown-linux-gnu/4.8.1/collect2 --eh-frame-hdr -m elf_x86_64 -export-dynamic -dynamic-linker /lib64/ld-linux-x86-64.so.2 -o cmTryCompileExec1827680395 /usr/lib/../lib64/crt1.o /usr/lib/../lib64/crti.o /misc/local/gcc-4.8.1/bin/../lib/gcc/x86_64-unknown-linux-gnu/4.8.1/crtbegin.o -L/misc/local/gcc-4.8.1/bin/../lib/gcc/x86_64-unknown-linux-gnu/4.8.1 -L/misc/local/gcc-4.8.1/bin/../lib/gcc -L/misc/local/gcc-4.8.1/bin/../lib/gcc/x86_64-unknown-linux-gnu/4.8.1/../../../../lib64 -L/lib/../lib64 -L/usr/lib/../lib64 -L/misc/local/gcc-4.8.1/bin/../lib/gcc/x86_64-unknown-linux-gnu/4.8.1/../../.. CMakeFiles/cmTryCompileExec1827680395.dir/CMakeCCompilerABI.c.o -lgcc --as-needed -lgcc_s --no-as-needed -lc -lgcc --as-needed -lgcc_s --no-as-needed /misc/local/gcc-4.8.1/bin/../lib/gcc/x86_64-unknown-linux-gnu/4.8.1/crtend.o /usr/lib/../lib64/crtn.o]
    arg [/misc/local/gcc-4.8.1/bin/../libexec/gcc/x86_64-unknown-linux-gnu/4.8.1/collect2] ==> ignore
    arg [--eh-frame-hdr] ==> ignore
    arg [-m] ==> ignore
    arg [elf_x86_64] ==> ignore
    arg [-export-dynamic] ==> ignore
    arg [-dynamic-linker] ==> ignore
    arg [/lib64/ld-linux-x86-64.so.2] ==> ignore
    arg [-o] ==> ignore
    arg [cmTryCompileExec1827680395] ==> ignore
    arg [/usr/lib/../lib64/crt1.o] ==> ignore
    arg [/usr/lib/../lib64/crti.o] ==> ignore
    arg [/misc/local/gcc-4.8.1/bin/../lib/gcc/x86_64-unknown-linux-gnu/4.8.1/crtbegin.o] ==> ignore
    arg [-L/misc/local/gcc-4.8.1/bin/../lib/gcc/x86_64-unknown-linux-gnu/4.8.1] ==> dir [/misc/local/gcc-4.8.1/bin/../lib/gcc/x86_64-unknown-linux-gnu/4.8.1]
    arg [-L/misc/local/gcc-4.8.1/bin/../lib/gcc] ==> dir [/misc/local/gcc-4.8.1/bin/../lib/gcc]
    arg [-L/misc/local/gcc-4.8.1/bin/../lib/gcc/x86_64-unknown-linux-gnu/4.8.1/../../../../lib64] ==> dir [/misc/local/gcc-4.8.1/bin/../lib/gcc/x86_64-unknown-linux-gnu/4.8.1/../../../../lib64]
    arg [-L/lib/../lib64] ==> dir [/lib/../lib64]
    arg [-L/usr/lib/../lib64] ==> dir [/usr/lib/../lib64]
    arg [-L/misc/local/gcc-4.8.1/bin/../lib/gcc/x86_64-unknown-linux-gnu/4.8.1/../../..] ==> dir [/misc/local/gcc-4.8.1/bin/../lib/gcc/x86_64-unknown-linux-gnu/4.8.1/../../..]
    arg [CMakeFiles/cmTryCompileExec1827680395.dir/CMakeCCompilerABI.c.o] ==> ignore
    arg [-lgcc] ==> lib [gcc]
    arg [--as-needed] ==> ignore
    arg [-lgcc_s] ==> lib [gcc_s]
    arg [--no-as-needed] ==> ignore
    arg [-lc] ==> lib [c]
    arg [-lgcc] ==> lib [gcc]
    arg [--as-needed] ==> ignore
    arg [-lgcc_s] ==> lib [gcc_s]
    arg [--no-as-needed] ==> ignore
    arg [/misc/local/gcc-4.8.1/bin/../lib/gcc/x86_64-unknown-linux-gnu/4.8.1/crtend.o] ==> ignore
    arg [/usr/lib/../lib64/crtn.o] ==> ignore
  remove lib [gcc]
  remove lib [gcc_s]
  remove lib [gcc]
  remove lib [gcc_s]
  collapse dir [/misc/local/gcc-4.8.1/bin/../lib/gcc/x86_64-unknown-linux-gnu/4.8.1] ==> [/misc/local/gcc-4.8.1/lib/gcc/x86_64-unknown-linux-gnu/4.8.1]
  collapse dir [/misc/local/gcc-4.8.1/bin/../lib/gcc] ==> [/misc/local/gcc-4.8.1/lib/gcc]
  collapse dir [/misc/local/gcc-4.8.1/bin/../lib/gcc/x86_64-unknown-linux-gnu/4.8.1/../../../../lib64] ==> [/misc/local/gcc-4.8.1/lib64]
  collapse dir [/lib/../lib64] ==> [/lib64]
  collapse dir [/usr/lib/../lib64] ==> [/usr/lib64]
  collapse dir [/misc/local/gcc-4.8.1/bin/../lib/gcc/x86_64-unknown-linux-gnu/4.8.1/../../..] ==> [/misc/local/gcc-4.8.1/lib]
  implicit libs: [c]
  implicit dirs: [/misc/local/gcc-4.8.1/lib/gcc/x86_64-unknown-linux-gnu/4.8.1;/misc/local/gcc-4.8.1/lib/gcc;/misc/local/gcc-4.8.1/lib64;/lib64;/usr/lib64;/misc/local/gcc-4.8.1/lib]


Determining if the CXX compiler works passed with the following output:
Change Dir: /groups/flyem/proj/cluster/toufiq/goo/SemiSupervised/CMakeFiles/CMakeTmp

Run Build Command:/usr/bin/gmake "cmTryCompileExec2136653067/fast"
/usr/bin/gmake -f CMakeFiles/cmTryCompileExec2136653067.dir/build.make CMakeFiles/cmTryCompileExec2136653067.dir/build
gmake[1]: Entering directory `/groups/flyem/proj/cluster/toufiq/goo/SemiSupervised/CMakeFiles/CMakeTmp'
/misc/local/cmake-2.8.8/bin/cmake -E cmake_progress_report /groups/flyem/proj/cluster/toufiq/goo/SemiSupervised/CMakeFiles/CMakeTmp/CMakeFiles 1
Building CXX object CMakeFiles/cmTryCompileExec2136653067.dir/testCXXCompiler.cxx.o
/usr/local/gcc/bin/c++     -o CMakeFiles/cmTryCompileExec2136653067.dir/testCXXCompiler.cxx.o -c /groups/flyem/proj/cluster/toufiq/goo/SemiSupervised/CMakeFiles/CMakeTmp/testCXXCompiler.cxx
Linking CXX executable cmTryCompileExec2136653067
/misc/local/cmake-2.8.8/bin/cmake -E cmake_link_script CMakeFiles/cmTryCompileExec2136653067.dir/link.txt --verbose=1
/usr/local/gcc/bin/c++          CMakeFiles/cmTryCompileExec2136653067.dir/testCXXCompiler.cxx.o  -o cmTryCompileExec2136653067 -rdynamic 
gmake[1]: Leaving directory `/groups/flyem/proj/cluster/toufiq/goo/SemiSupervised/CMakeFiles/CMakeTmp'


Detecting CXX compiler ABI info compiled with the following output:
Change Dir: /groups/flyem/proj/cluster/toufiq/goo/SemiSupervised/CMakeFiles/CMakeTmp

Run Build Command:/usr/bin/gmake "cmTryCompileExec270606629/fast"
/usr/bin/gmake -f CMakeFiles/cmTryCompileExec270606629.dir/build.make CMakeFiles/cmTryCompileExec270606629.dir/build
gmake[1]: Entering directory `/groups/flyem/proj/cluster/toufiq/goo/SemiSupervised/CMakeFiles/CMakeTmp'
/misc/local/cmake-2.8.8/bin/cmake -E cmake_progress_report /groups/flyem/proj/cluster/toufiq/goo/SemiSupervised/CMakeFiles/CMakeTmp/CMakeFiles 1
Building CXX object CMakeFiles/cmTryCompileExec270606629.dir/CMakeCXXCompilerABI.cpp.o
/usr/local/gcc/bin/c++     -o CMakeFiles/cmTryCompileExec270606629.dir/CMakeCXXCompilerABI.cpp.o -c /misc/local/cmake-2.8.8/share/cmake-2.8/Modules/CMakeCXXCompilerABI.cpp
Linking CXX executable cmTryCompileExec270606629
/misc/local/cmake-2.8.8/bin/cmake -E cmake_link_script CMakeFiles/cmTryCompileExec270606629.dir/link.txt --verbose=1
/usr/local/gcc/bin/c++        -v CMakeFiles/cmTryCompileExec270606629.dir/CMakeCXXCompilerABI.cpp.o  -o cmTryCompileExec270606629 -rdynamic  
Using built-in specs.
COLLECT_GCC=/usr/local/gcc/bin/c++
COLLECT_LTO_WRAPPER=/misc/local/gcc-4.8.1/bin/../libexec/gcc/x86_64-unknown-linux-gnu/4.8.1/lto-wrapper
Target: x86_64-unknown-linux-gnu
Configured with: ./configure --prefix=/usr/local/gcc-4.8.1
Thread model: posix
gcc version 4.8.1 (GCC) 
COMPILER_PATH=/misc/local/gcc-4.8.1/bin/../libexec/gcc/x86_64-unknown-linux-gnu/4.8.1/:/misc/local/gcc-4.8.1/bin/../libexec/gcc/
LIBRARY_PATH=/misc/local/gcc-4.8.1/bin/../lib/gcc/x86_64-unknown-linux-gnu/4.8.1/:/misc/local/gcc-4.8.1/bin/../lib/gcc/:/misc/local/gcc-4.8.1/bin/../lib/gcc/x86_64-unknown-linux-gnu/4.8.1/../../../../lib64/:/lib/../lib64/:/usr/lib/../lib64/:/misc/local/gcc-4.8.1/bin/../lib/gcc/x86_64-unknown-linux-gnu/4.8.1/../../../:/lib/:/usr/lib/
COLLECT_GCC_OPTIONS='-v' '-o' 'cmTryCompileExec270606629' '-rdynamic' '-shared-libgcc' '-mtune=generic' '-march=x86-64'
 /misc/local/gcc-4.8.1/bin/../libexec/gcc/x86_64-unknown-linux-gnu/4.8.1/collect2 --eh-frame-hdr -m elf_x86_64 -export-dynamic -dynamic-linker /lib64/ld-linux-x86-64.so.2 -o cmTryCompileExec270606629 /usr/lib/../lib64/crt1.o /usr/lib/../lib64/crti.o /misc/local/gcc-4.8.1/bin/../lib/gcc/x86_64-unknown-linux-gnu/4.8.1/crtbegin.o -L/misc/local/gcc-4.8.1/bin/../lib/gcc/x86_64-unknown-linux-gnu/4.8.1 -L/misc/local/gcc-4.8.1/bin/../lib/gcc -L/misc/local/gcc-4.8.1/bin/../lib/gcc/x86_64-unknown-linux-gnu/4.8.1/../../../../lib64 -L/lib/../lib64 -L/usr/lib/../lib64 -L/misc/local/gcc-4.8.1/bin/../lib/gcc/x86_64-unknown-linux-gnu/4.8.1/../../.. CMakeFiles/cmTryCompileExec270606629.dir/CMakeCXXCompilerABI.cpp.o -lstdc++ -lm -lgcc_s -lgcc -lc -lgcc_s -lgcc /misc/local/gcc-4.8.1/bin/../lib/gcc/x86_64-unknown-linux-gnu/4.8.1/crtend.o /usr/lib/../lib64/crtn.o
gmake[1]: Leaving directory `/groups/flyem/proj/cluster/toufiq/goo/SemiSupervised/CMakeFiles/CMakeTmp'


Parsed CXX implicit link information from above output:
  link line regex: [^( *|.*[/\])(ld|ld|collect2)[^/\]*( |$)]
  ignore line: [Change Dir: /groups/flyem/proj/cluster/toufiq/goo/SemiSupervised/CMakeFiles/CMakeTmp]
  ignore line: []
  ignore line: [Run Build Command:/usr/bin/gmake "cmTryCompileExec270606629/fast"]
  ignore line: [/usr/bin/gmake -f CMakeFiles/cmTryCompileExec270606629.dir/build.make CMakeFiles/cmTryCompileExec270606629.dir/build]
  ignore line: [gmake[1]: Entering directory `/groups/flyem/proj/cluster/toufiq/goo/SemiSupervised/CMakeFiles/CMakeTmp']
  ignore line: [/misc/local/cmake-2.8.8/bin/cmake -E cmake_progress_report /groups/flyem/proj/cluster/toufiq/goo/SemiSupervised/CMakeFiles/CMakeTmp/CMakeFiles 1]
  ignore line: [Building CXX object CMakeFiles/cmTryCompileExec270606629.dir/CMakeCXXCompilerABI.cpp.o]
  ignore line: [/usr/local/gcc/bin/c++     -o CMakeFiles/cmTryCompileExec270606629.dir/CMakeCXXCompilerABI.cpp.o -c /misc/local/cmake-2.8.8/share/cmake-2.8/Modules/CMakeCXXCompilerABI.cpp]
  ignore line: [Linking CXX executable cmTryCompileExec270606629]
  ignore line: [/misc/local/cmake-2.8.8/bin/cmake -E cmake_link_script CMakeFiles/cmTryCompileExec270606629.dir/link.txt --verbose=1]
  ignore line: [/usr/local/gcc/bin/c++        -v CMakeFiles/cmTryCompileExec270606629.dir/CMakeCXXCompilerABI.cpp.o  -o cmTryCompileExec270606629 -rdynamic  ]
  ignore line: [Using built-in specs.]
  ignore line: [COLLECT_GCC=/usr/local/gcc/bin/c++]
  ignore line: [COLLECT_LTO_WRAPPER=/misc/local/gcc-4.8.1/bin/../libexec/gcc/x86_64-unknown-linux-gnu/4.8.1/lto-wrapper]
  ignore line: [Target: x86_64-unknown-linux-gnu]
  ignore line: [Configured with: ./configure --prefix=/usr/local/gcc-4.8.1]
  ignore line: [Thread model: posix]
  ignore line: [gcc version 4.8.1 (GCC) ]
  ignore line: [COMPILER_PATH=/misc/local/gcc-4.8.1/bin/../libexec/gcc/x86_64-unknown-linux-gnu/4.8.1/:/misc/local/gcc-4.8.1/bin/../libexec/gcc/]
  ignore line: [LIBRARY_PATH=/misc/local/gcc-4.8.1/bin/../lib/gcc/x86_64-unknown-linux-gnu/4.8.1/:/misc/local/gcc-4.8.1/bin/../lib/gcc/:/misc/local/gcc-4.8.1/bin/../lib/gcc/x86_64-unknown-linux-gnu/4.8.1/../../../../lib64/:/lib/../lib64/:/usr/lib/../lib64/:/misc/local/gcc-4.8.1/bin/../lib/gcc/x86_64-unknown-linux-gnu/4.8.1/../../../:/lib/:/usr/lib/]
  ignore line: [COLLECT_GCC_OPTIONS='-v' '-o' 'cmTryCompileExec270606629' '-rdynamic' '-shared-libgcc' '-mtune=generic' '-march=x86-64']
  link line: [ /misc/local/gcc-4.8.1/bin/../libexec/gcc/x86_64-unknown-linux-gnu/4.8.1/collect2 --eh-frame-hdr -m elf_x86_64 -export-dynamic -dynamic-linker /lib64/ld-linux-x86-64.so.2 -o cmTryCompileExec270606629 /usr/lib/../lib64/crt1.o /usr/lib/../lib64/crti.o /misc/local/gcc-4.8.1/bin/../lib/gcc/x86_64-unknown-linux-gnu/4.8.1/crtbegin.o -L/misc/local/gcc-4.8.1/bin/../lib/gcc/x86_64-unknown-linux-gnu/4.8.1 -L/misc/local/gcc-4.8.1/bin/../lib/gcc -L/misc/local/gcc-4.8.1/bin/../lib/gcc/x86_64-unknown-linux-gnu/4.8.1/../../../../lib64 -L/lib/../lib64 -L/usr/lib/../lib64 -L/misc/local/gcc-4.8.1/bin/../lib/gcc/x86_64-unknown-linux-gnu/4.8.1/../../.. CMakeFiles/cmTryCompileExec270606629.dir/CMakeCXXCompilerABI.cpp.o -lstdc++ -lm -lgcc_s -lgcc -lc -lgcc_s -lgcc /misc/local/gcc-4.8.1/bin/../lib/gcc/x86_64-unknown-linux-gnu/4.8.1/crtend.o /usr/lib/../lib64/crtn.o]
    arg [/misc/local/gcc-4.8.1/bin/../libexec/gcc/x86_64-unknown-linux-gnu/4.8.1/collect2] ==> ignore
    arg [--eh-frame-hdr] ==> ignore
    arg [-m] ==> ignore
    arg [elf_x86_64] ==> ignore
    arg [-export-dynamic] ==> ignore
    arg [-dynamic-linker] ==> ignore
    arg [/lib64/ld-linux-x86-64.so.2] ==> ignore
    arg [-o] ==> ignore
    arg [cmTryCompileExec270606629] ==> ignore
    arg [/usr/lib/../lib64/crt1.o] ==> ignore
    arg [/usr/lib/../lib64/crti.o] ==> ignore
    arg [/misc/local/gcc-4.8.1/bin/../lib/gcc/x86_64-unknown-linux-gnu/4.8.1/crtbegin.o] ==> ignore
    arg [-L/misc/local/gcc-4.8.1/bin/../lib/gcc/x86_64-unknown-linux-gnu/4.8.1] ==> dir [/misc/local/gcc-4.8.1/bin/../lib/gcc/x86_64-unknown-linux-gnu/4.8.1]
    arg [-L/misc/local/gcc-4.8.1/bin/../lib/gcc] ==> dir [/misc/local/gcc-4.8.1/bin/../lib/gcc]
    arg [-L/misc/local/gcc-4.8.1/bin/../lib/gcc/x86_64-unknown-linux-gnu/4.8.1/../../../../lib64] ==> dir [/misc/local/gcc-4.8.1/bin/../lib/gcc/x86_64-unknown-linux-gnu/4.8.1/../../../../lib64]
    arg [-L/lib/../lib64] ==> dir [/lib/../lib64]
    arg [-L/usr/lib/../lib64] ==> dir [/usr/lib/../lib64]
    arg [-L/misc/local/gcc-4.8.1/bin/../lib/gcc/x86_64-unknown-linux-gnu/4.8.1/../../..] ==> dir [/misc/local/gcc-4.8.1/bin/../lib/gcc/x86_64-unknown-linux-gnu/4.8.1/../../..]
    arg [CMakeFiles/cmTryCompileExec270606629.dir/CMakeCXXCompilerABI.cpp.o] ==> ignore
    arg [-lstdc++] ==> lib [stdc++]
    arg [-lm] ==> lib [m]
    arg [-lgcc_s] ==> lib [gcc_s]
    arg [-lgcc] ==> lib [gcc]
    arg [-lc] ==> lib [c]
    arg [-lgcc_s] ==> lib [gcc_s]
    arg [-lgcc] ==> lib [gcc]
    arg [/misc/local/gcc-4.8.1/bin/../lib/gcc/x86_64-unknown-linux-gnu/4.8.1/crtend.o] ==> ignore
    arg [/usr/lib/../lib64/crtn.o] ==> ignore
  remove lib [gcc_s]
  remove lib [gcc]
  remove lib [gcc_s]
  remove lib [gcc]
  collapse dir [/misc/local/gcc-4.8.1/bin/../lib/gcc/x86_64-unknown-linux-gnu/4.8.1] ==> [/misc/local/gcc-4.8.1/lib/gcc/x86_64-unknown-linux-gnu/4.8.1]
  collapse dir [/misc/local/gcc-4.8.1/bin/../lib/gcc] ==> [/misc/local/gcc-4.8.1/lib/gcc]
  collapse dir [/misc/local/gcc-4.8.1/bin/../lib/gcc/x86_64-unknown-linux-gnu/4.8.1/../../../../lib64] ==> [/misc/local/gcc-4.8.1/lib64]
  collapse dir [/lib/../lib64] ==> [/lib64]
  collapse dir [/usr/lib/../lib64] ==> [/usr/lib64]
  collapse dir [/misc/local/gcc-4.8.1/bin/../lib/gcc/x86_64-unknown-linux-gnu/4.8.1/../../..] ==> [/misc/local/gcc-4.8.1/lib]
  implicit libs: [stdc++;m;c]
  implicit dirs: [/misc/local/gcc-4.8.1/lib/gcc/x86_64-unknown-linux-gnu/4.8.1;/misc/local/gcc-4.8.1/lib/gcc;/misc/local/gcc-4.8.1/lib64;/lib64;/usr/lib64;/misc/local/gcc-4.8.1/lib]


